<?xml version="1.0" encoding="UTF-8" ?>
<testsuite tests="1" failures="0" name="Academy.BrowserTest" time="0.487" errors="1" skipped="0">
  <properties>
[...]
</properties>
  <testcase classname="Academy.BrowserTest" name="getData" time="0.487">
    <error message="Could not start a new session. Unable to parse remote response: invalid websocket request url path 
Host info: host: &apos;YASWANTH&apos;, ip: &apos;192.168.188.206&apos;" type="org.openqa.selenium.SessionNotCreatedException">org.openqa.selenium.SessionNotCreatedException: Could not start a new session. Unable to parse remote response: invalid websocket request url path 
Host info: host: &apos;YASWANTH&apos;, ip: &apos;192.168.188.206&apos;
	at org.openqa.selenium.remote.ProtocolHandshake.createSession(ProtocolHandshake.java:100)
	at org.openqa.selenium.remote.ProtocolHandshake.createSession(ProtocolHandshake.java:75)
	at org.openqa.selenium.remote.ProtocolHandshake.createSession(ProtocolHandshake.java:61)
	at org.openqa.selenium.remote.HttpCommandExecutor.execute(HttpCommandExecutor.java:162)
	at org.openqa.selenium.remote.service.DriverCommandExecutor.invokeExecute(DriverCommandExecutor.java:216)
	at org.openqa.selenium.remote.service.DriverCommandExecutor.execute(DriverCommandExecutor.java:174)
	at org.openqa.selenium.remote.RemoteWebDriver.execute(RemoteWebDriver.java:518)
	at org.openqa.selenium.remote.RemoteWebDriver.startSession(RemoteWebDriver.java:232)
	at org.openqa.selenium.remote.RemoteWebDriver.&lt;init&gt;(RemoteWebDriver.java:161)
	at org.openqa.selenium.chromium.ChromiumDriver.&lt;init&gt;(ChromiumDriver.java:114)
	at org.openqa.selenium.chrome.ChromeDriver.&lt;init&gt;(ChromeDriver.java:88)
	at org.openqa.selenium.chrome.ChromeDriver.&lt;init&gt;(ChromeDriver.java:83)
	at org.openqa.selenium.chrome.ChromeDriver.&lt;init&gt;(ChromeDriver.java:51)
	at Academy.BrowserTest.getData(BrowserTest.java:21)
	at java.base/jdk.internal.reflect.NativeMethodAccessorImpl.invoke0(Native Method)
	at java.base/jdk.internal.reflect.NativeMethodAccessorImpl.invoke(NativeMethodAccessorImpl.java:77)
	at java.base/jdk.internal.reflect.DelegatingMethodAccessorImpl.invoke(DelegatingMethodAccessorImpl.java:43)
	at java.base/java.lang.reflect.Method.invoke(Method.java:568)
	at org.junit.runners.model.FrameworkMethod$1.runReflectiveCall(FrameworkMethod.java:59)
	at org.junit.internal.runners.model.ReflectiveCallable.run(ReflectiveCallable.java:12)
	at org.junit.runners.model.FrameworkMethod.invokeExplosively(FrameworkMethod.java:56)
	at org.junit.internal.runners.statements.InvokeMethod.evaluate(InvokeMethod.java:17)
	at org.junit.runners.ParentRunner$3.evaluate(ParentRunner.java:306)
	at org.junit.runners.BlockJUnit4ClassRunner$1.evaluate(BlockJUnit4ClassRunner.java:100)
	at org.junit.runners.ParentRunner.runLeaf(ParentRunner.java:366)
	at org.junit.runners.BlockJUnit4ClassRunner.runChild(BlockJUnit4ClassRunner.java:103)
	at org.junit.runners.BlockJUnit4ClassRunner.runChild(BlockJUnit4ClassRunner.java:63)
	at org.junit.runners.ParentRunner$4.run(ParentRunner.java:331)
	at org.junit.runners.ParentRunner$1.schedule(ParentRunner.java:79)
	at org.junit.runners.ParentRunner.runChildren(ParentRunner.java:329)
	at org.junit.runners.ParentRunner.access$100(ParentRunner.java:66)
	at org.junit.runners.ParentRunner$2.evaluate(ParentRunner.java:293)
	at org.junit.runners.ParentRunner$3.evaluate(ParentRunner.java:306)
	at org.junit.runners.ParentRunner.run(ParentRunner.java:413)
	at org.apache.maven.surefire.junit4.JUnit4Provider.execute(JUnit4Provider.java:252)
	at org.apache.maven.surefire.junit4.JUnit4Provider.executeTestSet(JUnit4Provider.java:141)
	at org.apache.maven.surefire.junit4.JUnit4Provider.invoke(JUnit4Provider.java:112)
	at java.base/jdk.internal.reflect.NativeMethodAccessorImpl.invoke0(Native Method)
	at java.base/jdk.internal.reflect.NativeMethodAccessorImpl.invoke(NativeMethodAccessorImpl.java:77)
	at java.base/jdk.internal.reflect.DelegatingMethodAccessorImpl.invoke(DelegatingMethodAccessorImpl.java:43)
	at java.base/java.lang.reflect.Method.invoke(Method.java:568)
	at org.apache.maven.surefire.util.ReflectionUtils.invokeMethodWithArray(ReflectionUtils.java:189)
	at org.apache.maven.surefire.booter.ProviderFactory$ProviderProxy.invoke(ProviderFactory.java:165)
	at org.apache.maven.surefire.booter.ProviderFactory.invokeProvider(ProviderFactory.java:85)
	at org.apache.maven.surefire.booter.ForkedBooter.runSuitesInProcess(ForkedBooter.java:115)
	at org.apache.maven.surefire.booter.ForkedBooter.main(ForkedBooter.java:75)
Caused by: org.openqa.selenium.json.JsonException: Unable to parse: invalid websocket request url path
	at org.openqa.selenium.json.Json.toType(Json.java:169)
	at org.openqa.selenium.json.Json.toType(Json.java:152)
	at org.openqa.selenium.remote.ProtocolHandshake.createSession(ProtocolHandshake.java:96)
	... 45 more
Caused by: org.openqa.selenium.json.JsonException: Unable to determine type from: i. Last 1 characters read: i, next 33 characters to read: nvalid websocket request url path
Build info: version: &apos;4.22.0&apos;, revision: &apos;c5f3146703*&apos;
System info: os.name: &apos;Windows 11&apos;, os.arch: &apos;amd64&apos;, os.version: &apos;10.0&apos;, java.version: &apos;17.0.9&apos;
Driver info: driver.version: ChromeDriver
	at org.openqa.selenium.json.JsonInput.peek(JsonInput.java:166)
	at org.openqa.selenium.json.JsonTypeCoercer.lambda$buildCoercer$6(JsonTypeCoercer.java:167)
	at org.openqa.selenium.json.JsonTypeCoercer.coerce(JsonTypeCoercer.java:146)
	at org.openqa.selenium.json.Json.toType(Json.java:206)
	at org.openqa.selenium.json.Json.toType(Json.java:167)
	... 47 more
</error>
    <system-out>Hello Guys
</system-out>
  </testcase>
</testsuite>